<?xml version="1.0" encoding="UTF-8"?>
<!-- Generated by org.testng.reporters.JUnitXMLReporter -->
<testsuite ignored="3" hostname="Srineals-MacBook-Pro.local" failures="0" tests="1" name="MoneyControlLogin" time="0.156" errors="0" timestamp="2022-03-28T22:02:30 PDT">
  <testcase classname="com.mavenproject.base.BaseTest" name="@BeforeMethod launchbrowser" time="0.101">
    <failure type="java.lang.IllegalStateException" message="The path to the driver executable must be set by the webdriver.gecko.driver system property; for more information, see https://github.com/mozilla/geckodriver. The latest version can be downloaded from https://github.com/mozilla/geckodriver/releases">
      <![CDATA[java.lang.IllegalStateException: The path to the driver executable must be set by the webdriver.gecko.driver system property; for more information, see https://github.com/mozilla/geckodriver. The latest version can be downloaded from https://github.com/mozilla/geckodriver/releases
at com.google.common.base.Preconditions.checkState(Preconditions.java:847)
at org.openqa.selenium.remote.service.DriverService.findExecutable(DriverService.java:134)
at org.openqa.selenium.firefox.GeckoDriverService.access$100(GeckoDriverService.java:44)
at org.openqa.selenium.firefox.GeckoDriverService$Builder.findDefaultExecutable(GeckoDriverService.java:167)
at org.openqa.selenium.remote.service.DriverService$Builder.build(DriverService.java:355)
at org.openqa.selenium.firefox.FirefoxDriver.toExecutor(FirefoxDriver.java:190)
at org.openqa.selenium.firefox.FirefoxDriver.<init>(FirefoxDriver.java:147)
at org.openqa.selenium.firefox.FirefoxDriver.<init>(FirefoxDriver.java:125)
at com.mavenproject.utilities.DriverFactory.createDriver(DriverFactory.java:38)
at com.mavenproject.base.BaseTest.launchbrowser(BaseTest.java:44)
at java.base/java.util.ArrayList.forEach(ArrayList.java:1540)
... Removed 31 stack frames]]>
    </failure>
  </testcase> <!-- @BeforeMethod launchbrowser -->
  <testcase classname="com.mavenproject.test.MoneyControlTest" name="validlogin" time="0.0">
    <skipped/>
  </testcase> <!-- validlogin -->
  <testcase classname="com.mavenproject.test.MoneyControlTest" name="MutualFunds" time="0.0">
    <ignored/>
  </testcase> <!-- MutualFunds -->
  <testcase classname="com.mavenproject.test.MoneyControlTest" name="calculategratuity" time="0.0">
    <ignored/>
  </testcase> <!-- calculategratuity -->
  <testcase classname="com.mavenproject.test.MoneyControlTest" name="calculatepf" time="0.0">
    <ignored/>
  </testcase> <!-- calculatepf -->
</testsuite> <!-- MoneyControlLogin -->
